<?xml version="1.0" encoding="utf-8"?><testsuites name="pytest tests"><testsuite name="pytest" errors="0" failures="0" skipped="0" tests="4" time="0.315" timestamp="2026-04-24T12:44:52.723818+05:30" hostname="PW0MHD35"><testcase classname="tests.test_app" name="test_home_page_loads" time="0.050" /><testcase classname="tests.test_app" name="test_create_client_persists_record" time="0.051" /><testcase classname="tests.test_app" name="test_create_client_requires_name" time="0.037" /><testcase classname="tests.test_app" name="test_client_detail_shows_logged_workout" time="0.059" /></testsuite></testsuites>